<?xml version="1.0" encoding="UTF-8"?>
<!-- Generated by org.testng.reporters.JUnitReportReporter -->
<testsuite hostname="L-MAA-25004334" name="com.appium.Calculator" tests="2" failures="0" timestamp="25 Jun 2016 18:13:36 GMT" time="11.892" errors="0">
  <testcase name="Sum" time="7.723" classname="com.appium.Calculator"/>
  <testcase name="Multiply" time="4.169" classname="com.appium.Calculator"/>
</testsuite> <!-- com.appium.Calculator -->
