<?xml version="1.0" encoding="UTF-8"?>
<!-- Generated by org.testng.reporters.JUnitReportReporter -->
<testsuite hostname="L-MAA-25004334" name="com.appium.MobileWhatsApp" tests="1" failures="0" timestamp="24 Jun 2016 12:58:00 GMT" time="68.458" errors="0">
  <testcase name="testApp" time="68.458" classname="com.appium.MobileWhatsApp"/>
</testsuite> <!-- com.appium.MobileWhatsApp -->
