<?xml version="1.0" encoding="UTF-8"?>
<!-- Generated by org.testng.reporters.JUnitReportReporter -->
<testsuite hostname="L-MAA-25004334" name="com.appium.DragandDrop" tests="1" failures="0" timestamp="27 Jun 2016 15:27:07 GMT" time="18.188" errors="0">
  <testcase name="dragDrop" time="18.188" classname="com.appium.DragandDrop"/>
</testsuite> <!-- com.appium.DragandDrop -->
